The system is: Windows - 10.0.17763 - AMD64
Compiling the C compiler identification source file "CMakeCCompilerId.c" succeeded.
Compiler: F:/VS/Community/VC/Tools/MSVC/14.32.31326/bin/Hostx86/x86/cl.exe 
Build flags: 
Id flags:  

The output was:
0
用于 x86 的 Microsoft (R) C/C++ 优化编译器 19.32.31329 版
版权所有(C) Microsoft Corporation。保留所有权利。

CMakeCCompilerId.c
Microsoft (R) Incremental Linker Version 14.32.31329.0
Copyright (C) Microsoft Corporation.  All rights reserved.

/out:CMakeCCompilerId.exe 
CMakeCCompilerId.obj 


Compilation of the C compiler identification source "CMakeCCompilerId.c" produced "CMakeCCompilerId.exe"

Compilation of the C compiler identification source "CMakeCCompilerId.c" produced "CMakeCCompilerId.obj"

The C compiler identification is MSVC, found in "E:/CProject/HelloWorldC/cmake-build-debug-vs-160/CMakeFiles/3.22.3/CompilerIdC/CMakeCCompilerId.exe"

Detecting C compiler ABI info compiled with the following output:
Change Dir: E:/CProject/HelloWorldC/cmake-build-debug-vs-160/CMakeFiles/CMakeTmp

Run Build Command(s):E:/CLion.2022.1.3/bin/ninja/win/ninja.exe cmTC_5e634 && [1/2] Building C object CMakeFiles\cmTC_5e634.dir\CMakeCCompilerABI.c.obj
[2/2] Linking C executable cmTC_5e634.exe



